mode: set
go-drop-logistik/drivers/databases/phones/mysql.go:14.63,18.2 1 0
go-drop-logistik/drivers/databases/phones/mysql.go:20.114,24.25 3 0
go-drop-logistik/drivers/databases/phones/mysql.go:28.2,28.20 1 0
go-drop-logistik/drivers/databases/phones/mysql.go:24.25,26.3 1 0
go-drop-logistik/drivers/databases/phones/mysql.go:31.101,34.25 3 0
go-drop-logistik/drivers/databases/phones/mysql.go:38.2,38.31 1 0
go-drop-logistik/drivers/databases/phones/mysql.go:34.25,36.3 1 0
go-drop-logistik/drivers/databases/phones/mysql.go:41.94,44.25 3 0
go-drop-logistik/drivers/databases/phones/mysql.go:47.2,48.28 2 0
go-drop-logistik/drivers/databases/phones/mysql.go:52.2,52.25 1 0
go-drop-logistik/drivers/databases/phones/mysql.go:44.25,46.3 1 0
go-drop-logistik/drivers/databases/phones/mysql.go:48.28,50.3 1 0
go-drop-logistik/drivers/databases/phones/mysql.go:56.111,60.25 3 0
go-drop-logistik/drivers/databases/phones/mysql.go:64.2,64.12 1 0
go-drop-logistik/drivers/databases/phones/mysql.go:60.25,62.3 1 0
go-drop-logistik/drivers/databases/phones/mysql.go:67.83,70.25 3 0
go-drop-logistik/drivers/databases/phones/mysql.go:74.2,74.12 1 0
go-drop-logistik/drivers/databases/phones/mysql.go:70.25,72.3 1 0
go-drop-logistik/drivers/databases/phoneagent/record.go:16.65,21.2 1 0
go-drop-logistik/drivers/databases/phoneagent/record.go:23.54,30.2 1 0
go-drop-logistik/app/config/config.go:51.25,59.16 6 0
go-drop-logistik/app/config/config.go:71.2,71.47 1 0
go-drop-logistik/app/config/config.go:74.2,74.13 1 0
go-drop-logistik/app/config/config.go:59.16,69.3 8 0
go-drop-logistik/app/config/config.go:71.47,72.13 1 0
go-drop-logistik/business/trackmanifest/usecase.go:15.109,21.2 1 0
go-drop-logistik/business/trackmanifest/usecase.go:23.96,25.16 2 0
go-drop-logistik/business/trackmanifest/usecase.go:29.2,29.12 1 0
go-drop-logistik/business/trackmanifest/usecase.go:25.16,27.3 1 0
go-drop-logistik/business/trackmanifest/usecase.go:32.99,34.16 2 0
go-drop-logistik/business/trackmanifest/usecase.go:37.2,37.17 1 0
go-drop-logistik/business/trackmanifest/usecase.go:34.16,36.3 1 0
go-drop-logistik/business/trackmanifest/usecase.go:40.104,43.16 2 0
go-drop-logistik/business/trackmanifest/usecase.go:47.2,47.17 1 0
go-drop-logistik/business/trackmanifest/usecase.go:43.16,45.3 1 0
go-drop-logistik/business/trackmanifest/usecase.go:50.98,52.16 2 0
go-drop-logistik/business/trackmanifest/usecase.go:56.2,56.12 1 0
go-drop-logistik/business/trackmanifest/usecase.go:52.16,54.3 1 0
go-drop-logistik/controllers/tracks/request/input.go:12.45,19.2 1 0
go-drop-logistik/drivers/databases/agents/mysql.go:14.63,18.2 1 0
go-drop-logistik/drivers/databases/agents/mysql.go:20.101,23.25 3 0
go-drop-logistik/drivers/databases/agents/mysql.go:27.2,27.35 1 0
go-drop-logistik/drivers/databases/agents/mysql.go:23.25,25.3 1 0
go-drop-logistik/drivers/databases/agents/mysql.go:30.118,34.16 3 0
go-drop-logistik/drivers/databases/agents/mysql.go:38.2,38.37 1 0
go-drop-logistik/drivers/databases/agents/mysql.go:34.16,36.3 1 0
go-drop-logistik/drivers/databases/agents/mysql.go:41.105,45.25 3 0
go-drop-logistik/drivers/databases/agents/mysql.go:48.2,48.12 1 0
go-drop-logistik/drivers/databases/agents/mysql.go:45.25,47.3 1 0
go-drop-logistik/drivers/databases/agents/mysql.go:51.117,56.16 4 0
go-drop-logistik/drivers/databases/agents/mysql.go:60.2,62.16 3 0
go-drop-logistik/drivers/databases/agents/mysql.go:66.2,67.28 2 0
go-drop-logistik/drivers/databases/agents/mysql.go:71.2,71.36 1 0
go-drop-logistik/drivers/databases/agents/mysql.go:56.16,58.3 1 0
go-drop-logistik/drivers/databases/agents/mysql.go:62.16,64.3 1 0
go-drop-logistik/drivers/databases/agents/mysql.go:67.28,69.3 1 0
go-drop-logistik/drivers/databases/agents/mysql.go:74.110,78.25 3 0
go-drop-logistik/drivers/databases/agents/mysql.go:82.2,82.12 1 0
go-drop-logistik/drivers/databases/agents/mysql.go:78.25,80.3 1 0
go-drop-logistik/drivers/databases/trackmanifest/mysql.go:14.78,18.2 1 0
go-drop-logistik/drivers/databases/trackmanifest/mysql.go:20.107,29.25 4 0
go-drop-logistik/drivers/databases/trackmanifest/mysql.go:33.2,33.12 1 0
go-drop-logistik/drivers/databases/trackmanifest/mysql.go:29.25,31.3 1 0
go-drop-logistik/drivers/databases/trackmanifest/mysql.go:36.124,39.25 3 0
go-drop-logistik/drivers/databases/trackmanifest/mysql.go:43.2,43.39 1 0
go-drop-logistik/drivers/databases/trackmanifest/mysql.go:39.25,41.3 1 0
go-drop-logistik/drivers/databases/trackmanifest/mysql.go:46.129,50.25 3 0
go-drop-logistik/drivers/databases/trackmanifest/mysql.go:54.2,55.41 2 0
go-drop-logistik/drivers/databases/trackmanifest/mysql.go:59.2,59.36 1 0
go-drop-logistik/drivers/databases/trackmanifest/mysql.go:50.25,52.3 1 0
go-drop-logistik/drivers/databases/trackmanifest/mysql.go:55.41,57.3 1 0
go-drop-logistik/drivers/databases/trackmanifest/mysql.go:61.109,64.25 3 0
go-drop-logistik/drivers/databases/trackmanifest/mysql.go:68.2,68.12 1 0
go-drop-logistik/drivers/databases/trackmanifest/mysql.go:64.25,66.3 1 0
go-drop-logistik/helper/guid/guid.go:7.28,9.2 1 0
go-drop-logistik/controllers/agents/http.go:23.103,29.2 1 0
go-drop-logistik/controllers/agents/http.go:31.64,35.43 3 0
go-drop-logistik/controllers/agents/http.go:39.2,41.16 2 0
go-drop-logistik/controllers/agents/http.go:44.2,48.52 2 0
go-drop-logistik/controllers/agents/http.go:35.43,37.3 1 0
go-drop-logistik/controllers/agents/http.go:41.16,43.3 1 0
go-drop-logistik/controllers/agents/http.go:51.66,57.16 4 0
go-drop-logistik/controllers/agents/http.go:61.2,63.31 2 0
go-drop-logistik/controllers/agents/http.go:68.2,68.72 1 0
go-drop-logistik/controllers/agents/http.go:57.16,59.3 1 0
go-drop-logistik/controllers/agents/http.go:63.31,66.3 2 0
go-drop-logistik/controllers/drivers/response/response.go:15.62,16.25 1 0
go-drop-logistik/controllers/drivers/response/response.go:24.2,24.12 1 0
go-drop-logistik/controllers/drivers/response/response.go:16.25,23.3 1 0
go-drop-logistik/drivers/databases/drivers/record.go:17.55,25.2 1 0
go-drop-logistik/drivers/databases/drivers/record.go:27.48,36.2 1 0
go-drop-logistik/business/agents/usecase.go:20.127,27.2 1 1
go-drop-logistik/business/agents/usecase.go:29.107,36.16 2 1
go-drop-logistik/business/agents/usecase.go:45.2,45.67 1 1
go-drop-logistik/business/agents/usecase.go:49.2,54.19 2 1
go-drop-logistik/business/agents/usecase.go:36.16,43.3 1 1
go-drop-logistik/business/agents/usecase.go:45.67,47.3 1 1
go-drop-logistik/business/agents/usecase.go:57.83,64.16 3 0
go-drop-logistik/business/agents/usecase.go:72.2,80.19 3 0
go-drop-logistik/business/agents/usecase.go:64.16,70.3 3 0
go-drop-logistik/business/agents/usecase.go:83.97,95.16 6 0
go-drop-logistik/business/agents/usecase.go:105.2,105.39 1 0
go-drop-logistik/business/agents/usecase.go:109.2,109.10 1 0
go-drop-logistik/business/agents/usecase.go:113.2,114.16 2 0
go-drop-logistik/business/agents/usecase.go:123.2,128.12 3 0
go-drop-logistik/business/agents/usecase.go:95.16,96.50 1 0
go-drop-logistik/business/agents/usecase.go:96.50,103.4 3 0
go-drop-logistik/business/agents/usecase.go:105.39,107.3 1 0
go-drop-logistik/business/agents/usecase.go:109.10,111.3 1 0
go-drop-logistik/business/agents/usecase.go:114.16,121.3 3 0
go-drop-logistik/business/agents/usecase.go:131.99,132.15 1 0
go-drop-logistik/business/agents/usecase.go:135.2,135.18 1 0
go-drop-logistik/business/agents/usecase.go:139.2,140.16 2 0
go-drop-logistik/business/agents/usecase.go:144.2,144.24 1 0
go-drop-logistik/business/agents/usecase.go:132.15,134.3 1 0
go-drop-logistik/business/agents/usecase.go:135.18,137.3 1 0
go-drop-logistik/business/agents/usecase.go:140.16,142.3 1 0
go-drop-logistik/business/agents/usecase.go:147.92,149.16 2 0
go-drop-logistik/business/agents/usecase.go:152.2,152.12 1 0
go-drop-logistik/business/agents/usecase.go:149.16,151.3 1 0
go-drop-logistik/controllers/receipts/response/response.go:49.57,66.2 1 0
go-drop-logistik/controllers/receipts/response/response.go:68.72,86.2 1 0
go-drop-logistik/controllers/receipts/response/response.go:88.86,90.38 2 0
go-drop-logistik/controllers/receipts/response/response.go:109.2,112.16 4 0
go-drop-logistik/controllers/receipts/response/response.go:90.38,108.3 2 0
go-drop-logistik/controllers/receipts/response/response.go:115.81,116.26 1 0
go-drop-logistik/controllers/receipts/response/response.go:138.2,138.12 1 0
go-drop-logistik/controllers/receipts/response/response.go:116.26,118.40 2 0
go-drop-logistik/controllers/receipts/response/response.go:118.40,136.4 2 0
go-drop-logistik/drivers/databases/drivers/mysql.go:14.65,18.2 1 0
go-drop-logistik/drivers/databases/drivers/mysql.go:20.105,24.25 3 0
go-drop-logistik/drivers/databases/drivers/mysql.go:28.2,28.12 1 0
go-drop-logistik/drivers/databases/drivers/mysql.go:24.25,26.3 1 0
go-drop-logistik/drivers/databases/drivers/mysql.go:31.103,34.25 3 0
go-drop-logistik/drivers/databases/drivers/mysql.go:38.2,38.31 1 0
go-drop-logistik/drivers/databases/drivers/mysql.go:34.25,36.3 1 0
go-drop-logistik/drivers/databases/drivers/mysql.go:41.113,45.25 3 0
go-drop-logistik/drivers/databases/drivers/mysql.go:49.2,49.12 1 0
go-drop-logistik/drivers/databases/drivers/mysql.go:45.25,47.3 1 0
go-drop-logistik/drivers/databases/drivers/mysql.go:52.84,55.25 3 0
go-drop-logistik/drivers/databases/drivers/mysql.go:59.2,59.12 1 0
go-drop-logistik/drivers/databases/drivers/mysql.go:55.25,57.3 1 0
go-drop-logistik/controllers/admins/response/response.go:29.51,35.2 1 0
go-drop-logistik/controllers/admins/response/response.go:37.56,47.2 1 0
go-drop-logistik/controllers/admins/response/response.go:49.86,51.36 2 0
go-drop-logistik/controllers/admins/response/response.go:63.2,66.16 4 0
go-drop-logistik/controllers/admins/response/response.go:51.36,62.3 2 0
go-drop-logistik/controllers/manifest/response/response.go:31.66,32.27 1 0
go-drop-logistik/controllers/manifest/response/response.go:42.2,42.12 1 0
go-drop-logistik/controllers/manifest/response/response.go:32.27,41.3 1 0
go-drop-logistik/controllers/manifest/response/response.go:45.88,47.39 2 0
go-drop-logistik/controllers/manifest/response/response.go:56.2,59.16 4 0
go-drop-logistik/controllers/manifest/response/response.go:47.39,55.3 2 0
go-drop-logistik/controllers/users/response/response.go:13.48,19.2 1 0
go-drop-logistik/helper/statuskey/statuskey.go:10.74,14.49 4 0
go-drop-logistik/helper/statuskey/statuskey.go:17.2,17.12 1 0
go-drop-logistik/helper/statuskey/statuskey.go:14.49,16.3 1 0
go-drop-logistik/business/phoneagent/usecase.go:15.104,21.2 1 0
go-drop-logistik/business/phoneagent/usecase.go:23.90,25.16 2 0
go-drop-logistik/business/phoneagent/usecase.go:29.2,29.12 1 0
go-drop-logistik/business/phoneagent/usecase.go:25.16,27.3 1 0
go-drop-logistik/business/phoneagent/usecase.go:32.98,34.16 2 0
go-drop-logistik/business/phoneagent/usecase.go:38.2,38.20 1 0
go-drop-logistik/business/phoneagent/usecase.go:34.16,36.3 1 0
go-drop-logistik/business/phoneagent/usecase.go:41.93,43.16 2 0
go-drop-logistik/business/phoneagent/usecase.go:47.2,47.20 1 0
go-drop-logistik/business/phoneagent/usecase.go:43.16,45.3 1 0
go-drop-logistik/business/phoneagent/usecase.go:50.91,52.16 2 0
go-drop-logistik/business/phoneagent/usecase.go:56.2,56.12 1 0
go-drop-logistik/business/phoneagent/usecase.go:52.16,54.3 1 0
go-drop-logistik/controllers/phones/response/response.go:15.51,22.2 1 0
go-drop-logistik/controllers/phones/response/response.go:24.60,26.36 2 0
go-drop-logistik/controllers/phones/response/response.go:36.2,36.18 1 0
go-drop-logistik/controllers/phones/response/response.go:26.36,34.3 2 0
go-drop-logistik/business/users/usecase.go:20.121,27.2 1 0
go-drop-logistik/business/users/usecase.go:29.101,36.16 3 0
go-drop-logistik/business/users/usecase.go:45.2,45.67 1 0
go-drop-logistik/business/users/usecase.go:49.2,54.19 4 0
go-drop-logistik/business/users/usecase.go:36.16,43.3 3 0
go-drop-logistik/business/users/usecase.go:45.67,47.3 1 0
go-drop-logistik/business/users/usecase.go:57.77,64.16 3 0
go-drop-logistik/business/users/usecase.go:72.2,80.19 3 0
go-drop-logistik/business/users/usecase.go:64.16,70.3 3 0
go-drop-logistik/business/users/usecase.go:83.90,93.16 5 0
go-drop-logistik/business/users/usecase.go:103.2,103.31 1 0
go-drop-logistik/business/users/usecase.go:107.2,107.10 1 0
go-drop-logistik/business/users/usecase.go:111.2,112.16 2 0
go-drop-logistik/business/users/usecase.go:121.2,126.12 3 0
go-drop-logistik/business/users/usecase.go:93.16,94.50 1 0
go-drop-logistik/business/users/usecase.go:94.50,101.4 3 0
go-drop-logistik/business/users/usecase.go:103.31,105.3 1 0
go-drop-logistik/business/users/usecase.go:107.10,109.3 1 0
go-drop-logistik/business/users/usecase.go:112.16,119.3 3 0
go-drop-logistik/drivers/mysql/driver.go:39.51,47.26 2 0
go-drop-logistik/drivers/mysql/driver.go:55.2,55.16 1 0
go-drop-logistik/drivers/mysql/driver.go:59.2,74.11 2 0
go-drop-logistik/drivers/mysql/driver.go:47.26,49.3 1 0
go-drop-logistik/drivers/mysql/driver.go:49.8,53.3 1 0
go-drop-logistik/drivers/mysql/driver.go:55.16,57.3 1 0
go-drop-logistik/business/agents/mocks/Repository.go:18.101,22.80 3 0
go-drop-logistik/business/agents/mocks/Repository.go:30.2,31.68 2 0
go-drop-logistik/business/agents/mocks/Repository.go:37.2,38.70 2 0
go-drop-logistik/business/agents/mocks/Repository.go:44.2,44.19 1 0
go-drop-logistik/business/agents/mocks/Repository.go:22.80,24.3 1 0
go-drop-logistik/business/agents/mocks/Repository.go:24.8,25.24 1 0
go-drop-logistik/business/agents/mocks/Repository.go:25.24,27.4 1 0
go-drop-logistik/business/agents/mocks/Repository.go:31.68,33.3 1 0
go-drop-logistik/business/agents/mocks/Repository.go:33.8,35.3 1 0
go-drop-logistik/business/agents/mocks/Repository.go:38.70,40.3 1 0
go-drop-logistik/business/agents/mocks/Repository.go:40.8,42.3 1 0
go-drop-logistik/business/agents/mocks/Repository.go:48.100,52.84 3 1
go-drop-logistik/business/agents/mocks/Repository.go:58.2,59.68 2 1
go-drop-logistik/business/agents/mocks/Repository.go:65.2,65.15 1 1
go-drop-logistik/business/agents/mocks/Repository.go:52.84,54.3 1 0
go-drop-logistik/business/agents/mocks/Repository.go:54.8,56.3 1 1
go-drop-logistik/business/agents/mocks/Repository.go:59.68,61.3 1 0
go-drop-logistik/business/agents/mocks/Repository.go:61.8,63.3 1 1
go-drop-logistik/business/agents/mocks/Repository.go:69.83,73.73 3 0
go-drop-logistik/business/agents/mocks/Repository.go:79.2,80.65 2 0
go-drop-logistik/business/agents/mocks/Repository.go:86.2,86.15 1 0
go-drop-logistik/business/agents/mocks/Repository.go:73.73,75.3 1 0
go-drop-logistik/business/agents/mocks/Repository.go:75.8,77.3 1 0
go-drop-logistik/business/agents/mocks/Repository.go:80.65,82.3 1 0
go-drop-logistik/business/agents/mocks/Repository.go:82.8,84.3 1 0
go-drop-logistik/business/agents/mocks/Repository.go:90.80,94.76 3 0
go-drop-logistik/business/agents/mocks/Repository.go:100.2,100.11 1 0
go-drop-logistik/business/agents/mocks/Repository.go:94.76,96.3 1 0
go-drop-logistik/business/agents/mocks/Repository.go:96.8,98.3 1 0
go-drop-logistik/business/agents/mocks/Repository.go:104.86,108.81 3 0
go-drop-logistik/business/agents/mocks/Repository.go:114.2,114.11 1 0
go-drop-logistik/business/agents/mocks/Repository.go:108.81,110.3 1 0
go-drop-logistik/business/agents/mocks/Repository.go:110.8,112.3 1 0
go-drop-logistik/business/agents/mocks/Usecase.go:18.98,22.80 3 0
go-drop-logistik/business/agents/mocks/Usecase.go:30.2,31.68 2 0
go-drop-logistik/business/agents/mocks/Usecase.go:37.2,38.70 2 0
go-drop-logistik/business/agents/mocks/Usecase.go:44.2,44.19 1 0
go-drop-logistik/business/agents/mocks/Usecase.go:22.80,24.3 1 0
go-drop-logistik/business/agents/mocks/Usecase.go:24.8,25.24 1 0
go-drop-logistik/business/agents/mocks/Usecase.go:25.24,27.4 1 0
go-drop-logistik/business/agents/mocks/Usecase.go:31.68,33.3 1 0
go-drop-logistik/business/agents/mocks/Usecase.go:33.8,35.3 1 0
go-drop-logistik/business/agents/mocks/Usecase.go:38.70,40.3 1 0
go-drop-logistik/business/agents/mocks/Usecase.go:40.8,42.3 1 0
go-drop-logistik/business/agents/mocks/Usecase.go:48.80,52.73 3 0
go-drop-logistik/business/agents/mocks/Usecase.go:58.2,59.65 2 0
go-drop-logistik/business/agents/mocks/Usecase.go:65.2,65.15 1 0
go-drop-logistik/business/agents/mocks/Usecase.go:52.73,54.3 1 0
go-drop-logistik/business/agents/mocks/Usecase.go:54.8,56.3 1 0
go-drop-logistik/business/agents/mocks/Usecase.go:59.65,61.3 1 0
go-drop-logistik/business/agents/mocks/Usecase.go:61.8,63.3 1 0
go-drop-logistik/business/agents/mocks/Usecase.go:69.104,73.83 3 0
go-drop-logistik/business/agents/mocks/Usecase.go:79.2,80.82 2 0
go-drop-logistik/business/agents/mocks/Usecase.go:86.2,86.15 1 0
go-drop-logistik/business/agents/mocks/Usecase.go:73.83,75.3 1 0
go-drop-logistik/business/agents/mocks/Usecase.go:75.8,77.3 1 0
go-drop-logistik/business/agents/mocks/Usecase.go:80.82,82.3 1 0
go-drop-logistik/business/agents/mocks/Usecase.go:82.8,84.3 1 0
go-drop-logistik/business/agents/mocks/Usecase.go:90.87,94.82 3 0
go-drop-logistik/business/agents/mocks/Usecase.go:100.2,100.11 1 0
go-drop-logistik/business/agents/mocks/Usecase.go:94.82,96.3 1 0
go-drop-logistik/business/agents/mocks/Usecase.go:96.8,98.3 1 0
go-drop-logistik/business/agents/mocks/Usecase.go:104.83,108.81 3 0
go-drop-logistik/business/agents/mocks/Usecase.go:114.2,114.11 1 0
go-drop-logistik/business/agents/mocks/Usecase.go:108.81,110.3 1 0
go-drop-logistik/business/agents/mocks/Usecase.go:110.8,112.3 1 0
go-drop-logistik/business/admins/usecase.go:20.122,27.2 1 0
go-drop-logistik/business/admins/usecase.go:29.107,36.16 3 0
go-drop-logistik/business/admins/usecase.go:45.2,45.67 1 0
go-drop-logistik/business/admins/usecase.go:49.2,54.19 4 0
go-drop-logistik/business/admins/usecase.go:36.16,43.3 3 0
go-drop-logistik/business/admins/usecase.go:45.67,47.3 1 0
go-drop-logistik/business/admins/usecase.go:57.83,64.16 3 0
go-drop-logistik/business/admins/usecase.go:72.2,80.19 3 0
go-drop-logistik/business/admins/usecase.go:64.16,70.3 3 0
go-drop-logistik/business/admins/usecase.go:83.97,95.16 6 0
go-drop-logistik/business/admins/usecase.go:105.2,105.31 1 0
go-drop-logistik/business/admins/usecase.go:109.2,109.10 1 0
go-drop-logistik/business/admins/usecase.go:113.2,114.16 2 0
go-drop-logistik/business/admins/usecase.go:123.2,128.12 3 0
go-drop-logistik/business/admins/usecase.go:95.16,96.50 1 0
go-drop-logistik/business/admins/usecase.go:96.50,103.4 3 0
go-drop-logistik/business/admins/usecase.go:105.31,107.3 1 0
go-drop-logistik/business/admins/usecase.go:109.10,111.3 1 0
go-drop-logistik/business/admins/usecase.go:114.16,121.3 3 0
go-drop-logistik/controllers/admins/request/input.go:25.46,31.2 1 0
go-drop-logistik/controllers/admins/request/input.go:33.51,43.2 1 0
go-drop-logistik/business/manifest/usecase.go:17.102,23.2 1 0
go-drop-logistik/business/manifest/usecase.go:25.98,30.16 4 0
go-drop-logistik/business/manifest/usecase.go:34.2,34.12 1 0
go-drop-logistik/business/manifest/usecase.go:30.16,32.3 1 0
go-drop-logistik/business/manifest/usecase.go:37.86,40.16 2 0
go-drop-logistik/business/manifest/usecase.go:44.2,44.22 1 0
go-drop-logistik/business/manifest/usecase.go:40.16,42.3 1 0
go-drop-logistik/business/manifest/usecase.go:47.102,48.15 1 0
go-drop-logistik/business/manifest/usecase.go:51.2,51.18 1 0
go-drop-logistik/business/manifest/usecase.go:55.2,56.16 2 0
go-drop-logistik/business/manifest/usecase.go:60.2,60.24 1 0
go-drop-logistik/business/manifest/usecase.go:48.15,50.3 1 0
go-drop-logistik/business/manifest/usecase.go:51.18,53.3 1 0
go-drop-logistik/business/manifest/usecase.go:56.16,58.3 1 0
go-drop-logistik/business/manifest/usecase.go:63.75,65.16 2 0
go-drop-logistik/business/manifest/usecase.go:69.2,69.12 1 0
go-drop-logistik/business/manifest/usecase.go:65.16,67.3 1 0
go-drop-logistik/business/manifest/usecase.go:72.99,74.16 2 0
go-drop-logistik/business/manifest/usecase.go:78.2,78.12 1 0
go-drop-logistik/business/manifest/usecase.go:74.16,76.3 1 0
go-drop-logistik/drivers/databases/users/mysql.go:14.61,18.2 1 0
go-drop-logistik/drivers/databases/users/mysql.go:20.100,23.25 3 0
go-drop-logistik/drivers/databases/users/mysql.go:27.2,27.35 1 0
go-drop-logistik/drivers/databases/users/mysql.go:23.25,25.3 1 0
go-drop-logistik/drivers/databases/users/mysql.go:30.109,34.16 3 0
go-drop-logistik/drivers/databases/users/mysql.go:38.2,38.29 1 0
go-drop-logistik/drivers/databases/users/mysql.go:34.16,36.3 1 0
go-drop-logistik/drivers/databases/users/mysql.go:41.103,45.25 3 0
go-drop-logistik/drivers/databases/users/mysql.go:48.2,48.12 1 0
go-drop-logistik/drivers/databases/users/mysql.go:45.25,47.3 1 0
go-drop-logistik/drivers/databases/trucks/record.go:16.52,24.2 1 0
go-drop-logistik/drivers/databases/trucks/record.go:26.52,27.16 1 0
go-drop-logistik/drivers/databases/trucks/record.go:36.2,36.12 1 0
go-drop-logistik/drivers/databases/trucks/record.go:27.16,35.3 1 0
go-drop-logistik/drivers/databases/receipts/record.go:30.50,49.2 1 0
go-drop-logistik/drivers/databases/receipts/record.go:51.60,70.2 1 0
go-drop-logistik/drivers/databases/receipts/record.go:72.58,91.2 1 0
go-drop-logistik/helper/logging/log.go:16.25,19.16 3 0
go-drop-logistik/helper/logging/log.go:24.2,28.3 3 0
go-drop-logistik/helper/logging/log.go:19.16,23.3 3 0
go-drop-logistik/helper/logging/log.go:31.52,34.14 2 0
go-drop-logistik/helper/logging/log.go:40.2,45.4 1 0
go-drop-logistik/helper/logging/log.go:34.14,38.3 1 0
go-drop-logistik/helper/logging/log.go:48.68,56.2 2 0
go-drop-logistik/helper/logging/log.go:58.56,66.2 3 0
go-drop-logistik/controllers/admins/http.go:23.80,28.2 1 0
go-drop-logistik/controllers/admins/http.go:30.67,34.37 3 0
go-drop-logistik/controllers/admins/http.go:38.2,39.16 2 0
go-drop-logistik/controllers/admins/http.go:42.2,42.75 1 0
go-drop-logistik/controllers/admins/http.go:34.37,36.3 1 0
go-drop-logistik/controllers/admins/http.go:39.16,41.3 1 0
go-drop-logistik/controllers/admins/http.go:45.64,49.43 3 0
go-drop-logistik/controllers/admins/http.go:53.2,55.16 2 0
go-drop-logistik/controllers/admins/http.go:58.2,62.52 2 0
go-drop-logistik/controllers/admins/http.go:49.43,51.3 1 0
go-drop-logistik/controllers/admins/http.go:55.16,57.3 1 0
go-drop-logistik/controllers/admins/http.go:65.66,71.16 4 0
go-drop-logistik/controllers/admins/http.go:75.2,75.71 1 0
go-drop-logistik/controllers/admins/http.go:71.16,73.3 1 0
go-drop-logistik/controllers/admins/http.go:78.71,84.16 4 0
go-drop-logistik/controllers/admins/http.go:88.2,88.76 1 0
go-drop-logistik/controllers/admins/http.go:84.16,86.3 1 0
go-drop-logistik/controllers/admins/http.go:91.72,95.37 3 0
go-drop-logistik/controllers/admins/http.go:99.2,101.14 2 0
go-drop-logistik/controllers/admins/http.go:105.2,106.16 2 0
go-drop-logistik/controllers/admins/http.go:110.2,110.75 1 0
go-drop-logistik/controllers/admins/http.go:95.37,97.3 1 0
go-drop-logistik/controllers/admins/http.go:101.14,103.3 1 0
go-drop-logistik/controllers/admins/http.go:106.16,108.3 1 0
go-drop-logistik/controllers/admins/http.go:113.69,120.16 5 0
go-drop-logistik/controllers/admins/http.go:124.2,124.89 1 0
go-drop-logistik/controllers/admins/http.go:120.16,122.3 1 0
go-drop-logistik/controllers/admins/http.go:127.74,134.37 5 0
go-drop-logistik/controllers/admins/http.go:138.2,139.16 2 0
go-drop-logistik/controllers/admins/http.go:142.2,143.16 2 0
go-drop-logistik/controllers/admins/http.go:146.2,146.76 1 0
go-drop-logistik/controllers/admins/http.go:134.37,136.3 1 0
go-drop-logistik/controllers/admins/http.go:139.16,141.3 1 0
go-drop-logistik/controllers/admins/http.go:143.16,145.3 1 0
go-drop-logistik/business/drivers/usecase.go:15.100,21.2 1 0
go-drop-logistik/business/drivers/usecase.go:23.86,25.16 2 0
go-drop-logistik/business/drivers/usecase.go:29.2,29.12 1 0
go-drop-logistik/business/drivers/usecase.go:25.16,27.3 1 0
go-drop-logistik/business/drivers/usecase.go:32.85,35.16 2 0
go-drop-logistik/business/drivers/usecase.go:39.2,39.19 1 0
go-drop-logistik/business/drivers/usecase.go:35.16,37.3 1 0
go-drop-logistik/business/drivers/usecase.go:42.74,44.16 2 0
go-drop-logistik/business/drivers/usecase.go:48.2,48.12 1 0
go-drop-logistik/business/drivers/usecase.go:44.16,46.3 1 0
go-drop-logistik/business/drivers/usecase.go:51.95,53.16 2 0
go-drop-logistik/business/drivers/usecase.go:57.2,57.12 1 0
go-drop-logistik/business/drivers/usecase.go:53.16,55.3 1 0
go-drop-logistik/business/tracks/usecase.go:18.101,24.2 1 0
go-drop-logistik/business/tracks/usecase.go:26.114,27.91 1 0
go-drop-logistik/business/tracks/usecase.go:37.2,38.16 2 0
go-drop-logistik/business/tracks/usecase.go:42.2,42.16 1 0
go-drop-logistik/business/tracks/usecase.go:27.91,29.3 1 0
go-drop-logistik/business/tracks/usecase.go:29.8,29.66 1 0
go-drop-logistik/business/tracks/usecase.go:29.66,31.3 1 0
go-drop-logistik/business/tracks/usecase.go:31.8,31.65 1 0
go-drop-logistik/business/tracks/usecase.go:31.65,33.3 1 0
go-drop-logistik/business/tracks/usecase.go:33.8,35.3 1 0
go-drop-logistik/business/tracks/usecase.go:38.16,40.3 1 0
go-drop-logistik/app/main.go:68.13,173.16 55 0
go-drop-logistik/app/main.go:177.2,183.32 6 0
go-drop-logistik/app/main.go:173.16,175.3 1 0
go-drop-logistik/app/middleware/auth.go:28.60,32.2 1 0
go-drop-logistik/app/middleware/auth.go:34.55,39.2 1 0
go-drop-logistik/app/middleware/auth.go:42.79,57.2 4 1
go-drop-logistik/app/middleware/auth.go:60.47,64.2 3 0
go-drop-logistik/app/middleware/auth.go:66.89,67.36 1 0
go-drop-logistik/app/middleware/auth.go:67.36,70.3 2 0
go-drop-logistik/controllers/receipts/request/input.go:28.50,44.2 1 0
go-drop-logistik/controllers/receipts/request/input.go:46.73,50.2 1 0
go-drop-logistik/controllers/users/http.go:19.58,23.2 1 0
go-drop-logistik/controllers/users/http.go:25.66,29.37 3 0
go-drop-logistik/controllers/users/http.go:33.2,34.16 2 0
go-drop-logistik/controllers/users/http.go:37.2,37.75 1 0
go-drop-logistik/controllers/users/http.go:29.37,31.3 1 0
go-drop-logistik/controllers/users/http.go:34.16,36.3 1 0
go-drop-logistik/controllers/users/http.go:40.63,44.43 3 0
go-drop-logistik/controllers/users/http.go:48.2,50.16 2 0
go-drop-logistik/controllers/users/http.go:53.2,57.52 2 0
go-drop-logistik/controllers/users/http.go:44.43,46.3 1 0
go-drop-logistik/controllers/users/http.go:50.16,52.3 1 0
go-drop-logistik/controllers/users/http.go:60.65,66.16 4 0
go-drop-logistik/controllers/users/http.go:70.2,70.71 1 0
go-drop-logistik/controllers/users/http.go:66.16,68.3 1 0
go-drop-logistik/drivers/databases/admins/mysql.go:14.63,18.2 1 0
go-drop-logistik/drivers/databases/admins/mysql.go:20.101,23.25 3 0
go-drop-logistik/drivers/databases/admins/mysql.go:27.2,27.36 1 0
go-drop-logistik/drivers/databases/admins/mysql.go:23.25,25.3 1 0
go-drop-logistik/drivers/databases/admins/mysql.go:30.110,34.16 3 0
go-drop-logistik/drivers/databases/admins/mysql.go:38.2,38.29 1 0
go-drop-logistik/drivers/databases/admins/mysql.go:34.16,36.3 1 0
go-drop-logistik/drivers/databases/admins/mysql.go:41.105,45.25 3 0
go-drop-logistik/drivers/databases/admins/mysql.go:48.2,48.12 1 0
go-drop-logistik/drivers/databases/admins/mysql.go:45.25,47.3 1 0
go-drop-logistik/drivers/databases/trackmanifest/record.go:16.74,21.2 1 0
go-drop-logistik/drivers/databases/trackmanifest/record.go:23.60,30.2 1 0
go-drop-logistik/drivers/databases/manifest/mysql.go:14.68,18.2 1 0
go-drop-logistik/drivers/databases/manifest/mysql.go:20.118,24.25 3 0
go-drop-logistik/drivers/databases/manifest/mysql.go:27.2,27.12 1 0
go-drop-logistik/drivers/databases/manifest/mysql.go:24.25,26.3 1 0
go-drop-logistik/drivers/databases/manifest/mysql.go:30.106,33.25 3 0
go-drop-logistik/drivers/databases/manifest/mysql.go:37.2,37.29 1 0
go-drop-logistik/drivers/databases/manifest/mysql.go:33.25,35.3 1 0
go-drop-logistik/drivers/databases/manifest/mysql.go:40.122,45.16 4 0
go-drop-logistik/drivers/databases/manifest/mysql.go:49.2,51.16 3 0
go-drop-logistik/drivers/databases/manifest/mysql.go:55.2,56.28 2 0
go-drop-logistik/drivers/databases/manifest/mysql.go:60.2,60.36 1 0
go-drop-logistik/drivers/databases/manifest/mysql.go:45.16,47.3 1 0
go-drop-logistik/drivers/databases/manifest/mysql.go:51.16,53.3 1 0
go-drop-logistik/drivers/databases/manifest/mysql.go:56.28,58.3 1 0
go-drop-logistik/drivers/databases/manifest/mysql.go:63.86,66.25 3 0
go-drop-logistik/drivers/databases/manifest/mysql.go:70.2,70.12 1 0
go-drop-logistik/drivers/databases/manifest/mysql.go:66.25,68.3 1 0
go-drop-logistik/drivers/databases/manifest/mysql.go:73.119,77.25 3 0
go-drop-logistik/drivers/databases/manifest/mysql.go:81.2,81.12 1 0
go-drop-logistik/drivers/databases/manifest/mysql.go:77.25,79.3 1 0
go-drop-logistik/helper/encrypt/bcrypt.go:5.42,8.2 2 1
go-drop-logistik/helper/encrypt/bcrypt.go:10.45,13.2 2 1
go-drop-logistik/helper/code/receipt.go:8.31,12.2 3 0
go-drop-logistik/helper/code/receipt.go:14.32,18.2 3 0
go-drop-logistik/cli/seeder/seeder.go:23.34,29.25 4 0
go-drop-logistik/cli/seeder/seeder.go:33.2,40.25 6 0
go-drop-logistik/cli/seeder/seeder.go:44.2,44.64 1 0
go-drop-logistik/cli/seeder/seeder.go:29.25,31.3 1 0
go-drop-logistik/cli/seeder/seeder.go:40.25,42.3 1 0
go-drop-logistik/controllers/drivers/http.go:19.66,23.2 1 0
go-drop-logistik/controllers/drivers/http.go:25.66,29.37 3 0
go-drop-logistik/controllers/drivers/http.go:33.2,34.16 2 0
go-drop-logistik/controllers/drivers/http.go:37.2,37.75 1 0
go-drop-logistik/controllers/drivers/http.go:29.37,31.3 1 0
go-drop-logistik/controllers/drivers/http.go:34.16,36.3 1 0
go-drop-logistik/controllers/drivers/http.go:40.68,46.16 4 0
go-drop-logistik/controllers/drivers/http.go:50.2,50.74 1 0
go-drop-logistik/controllers/drivers/http.go:46.16,48.3 1 0
go-drop-logistik/controllers/drivers/http.go:53.67,58.16 4 0
go-drop-logistik/controllers/drivers/http.go:62.2,62.67 1 0
go-drop-logistik/controllers/drivers/http.go:58.16,60.3 1 0
go-drop-logistik/controllers/drivers/http.go:65.67,70.37 4 0
go-drop-logistik/controllers/drivers/http.go:73.2,74.16 2 0
go-drop-logistik/controllers/drivers/http.go:78.2,78.67 1 0
go-drop-logistik/controllers/drivers/http.go:70.37,72.3 1 0
go-drop-logistik/controllers/drivers/http.go:74.16,76.3 1 0
go-drop-logistik/business/receipts/usecase.go:19.124,26.2 1 0
go-drop-logistik/business/receipts/usecase.go:28.102,33.16 4 0
go-drop-logistik/business/receipts/usecase.go:37.2,37.23 1 0
go-drop-logistik/business/receipts/usecase.go:33.16,35.3 1 0
go-drop-logistik/business/receipts/usecase.go:40.85,43.16 2 0
go-drop-logistik/business/receipts/usecase.go:47.2,47.19 1 0
go-drop-logistik/business/receipts/usecase.go:43.16,45.3 1 0
go-drop-logistik/business/receipts/usecase.go:50.97,53.16 2 0
go-drop-logistik/business/receipts/usecase.go:57.2,57.20 1 0
go-drop-logistik/business/receipts/usecase.go:53.16,55.3 1 0
go-drop-logistik/business/receipts/usecase.go:60.101,61.15 1 0
go-drop-logistik/business/receipts/usecase.go:64.2,64.18 1 0
go-drop-logistik/business/receipts/usecase.go:68.2,69.16 2 0
go-drop-logistik/business/receipts/usecase.go:73.2,73.24 1 0
go-drop-logistik/business/receipts/usecase.go:61.15,63.3 1 0
go-drop-logistik/business/receipts/usecase.go:64.18,66.3 1 0
go-drop-logistik/business/receipts/usecase.go:69.16,71.3 1 0
go-drop-logistik/business/receipts/usecase.go:76.74,78.16 2 0
go-drop-logistik/business/receipts/usecase.go:82.2,82.12 1 0
go-drop-logistik/business/receipts/usecase.go:78.16,80.3 1 0
go-drop-logistik/business/receipts/usecase.go:85.98,87.16 2 0
go-drop-logistik/business/receipts/usecase.go:91.2,91.12 1 0
go-drop-logistik/business/receipts/usecase.go:87.16,89.3 1 0
go-drop-logistik/controllers/manifest/request/input.go:9.50,13.2 1 0
go-drop-logistik/controllers/manifest/request/input.go:20.56,25.2 1 0
go-drop-logistik/controllers/users/request/input.go:13.44,19.2 1 0
go-drop-logistik/drivers/databases/manifest/record.go:22.56,23.16 1 0
go-drop-logistik/drivers/databases/manifest/record.go:34.2,34.12 1 0
go-drop-logistik/drivers/databases/manifest/record.go:23.16,33.3 1 0
go-drop-logistik/drivers/databases/manifest/record.go:37.59,46.2 1 0
go-drop-logistik/drivers/databases/phones/record.go:18.52,25.2 1 0
go-drop-logistik/drivers/databases/phones/record.go:27.52,28.16 1 0
go-drop-logistik/drivers/databases/phones/record.go:36.2,36.12 1 0
go-drop-logistik/drivers/databases/phones/record.go:28.16,35.3 1 0
go-drop-logistik/drivers/databases/tracks/mysql.go:14.63,18.2 1 0
go-drop-logistik/drivers/databases/tracks/mysql.go:20.114,24.25 3 0
go-drop-logistik/drivers/databases/tracks/mysql.go:27.2,27.20 1 0
go-drop-logistik/drivers/databases/tracks/mysql.go:24.25,26.3 1 0
go-drop-logistik/drivers/databases/tracks/record.go:24.52,25.16 1 0
go-drop-logistik/drivers/databases/tracks/record.go:38.2,38.12 1 0
go-drop-logistik/drivers/databases/tracks/record.go:25.16,37.3 1 0
go-drop-logistik/drivers/databases/tracks/record.go:42.52,51.2 1 0
go-drop-logistik/controllers/tracks/http.go:21.89,26.2 1 0
go-drop-logistik/controllers/tracks/http.go:28.71,35.37 5 0
go-drop-logistik/controllers/tracks/http.go:39.2,40.16 2 0
go-drop-logistik/controllers/tracks/http.go:44.2,45.16 2 0
go-drop-logistik/controllers/tracks/http.go:49.2,49.75 1 0
go-drop-logistik/controllers/tracks/http.go:35.37,37.3 1 0
go-drop-logistik/controllers/tracks/http.go:40.16,42.3 1 0
go-drop-logistik/controllers/tracks/http.go:45.16,47.3 1 0
go-drop-logistik/controllers/trucks/http.go:19.63,23.2 1 0
go-drop-logistik/controllers/trucks/http.go:25.70,29.37 3 0
go-drop-logistik/controllers/trucks/http.go:33.2,34.16 2 0
go-drop-logistik/controllers/trucks/http.go:37.2,37.75 1 0
go-drop-logistik/controllers/trucks/http.go:29.37,31.3 1 0
go-drop-logistik/controllers/trucks/http.go:34.16,36.3 1 0
go-drop-logistik/controllers/trucks/http.go:40.67,46.16 4 0
go-drop-logistik/controllers/trucks/http.go:50.2,50.51 1 0
go-drop-logistik/controllers/trucks/http.go:46.16,48.3 1 0
go-drop-logistik/controllers/trucks/http.go:53.71,58.16 4 0
go-drop-logistik/controllers/trucks/http.go:62.2,62.67 1 0
go-drop-logistik/controllers/trucks/http.go:58.16,60.3 1 0
go-drop-logistik/controllers/trucks/http.go:65.71,70.37 4 0
go-drop-logistik/controllers/trucks/http.go:73.2,74.16 2 0
go-drop-logistik/controllers/trucks/http.go:78.2,78.67 1 0
go-drop-logistik/controllers/trucks/http.go:70.37,72.3 1 0
go-drop-logistik/controllers/trucks/http.go:74.16,76.3 1 0
go-drop-logistik/controllers/trucks/http.go:81.65,88.16 5 0
go-drop-logistik/controllers/trucks/http.go:92.2,92.84 1 0
go-drop-logistik/controllers/trucks/http.go:88.16,90.3 1 0
go-drop-logistik/app/routes/routes.go:37.55,41.36 2 0
go-drop-logistik/app/routes/routes.go:46.2,111.86 49 0
go-drop-logistik/app/routes/routes.go:41.36,45.3 3 0
go-drop-logistik/drivers/databases/phoneagent/mysql.go:14.72,18.2 1 0
go-drop-logistik/drivers/databases/phoneagent/mysql.go:20.101,29.25 4 0
go-drop-logistik/drivers/databases/phoneagent/mysql.go:33.2,33.12 1 0
go-drop-logistik/drivers/databases/phoneagent/mysql.go:29.25,31.3 1 0
go-drop-logistik/drivers/databases/phoneagent/mysql.go:36.115,39.25 3 0
go-drop-logistik/drivers/databases/phoneagent/mysql.go:43.2,43.36 1 0
go-drop-logistik/drivers/databases/phoneagent/mysql.go:39.25,41.3 1 0
go-drop-logistik/drivers/databases/phoneagent/mysql.go:46.120,49.25 3 0
go-drop-logistik/drivers/databases/phoneagent/mysql.go:53.2,54.38 2 0
go-drop-logistik/drivers/databases/phoneagent/mysql.go:58.2,58.33 1 0
go-drop-logistik/drivers/databases/phoneagent/mysql.go:49.25,51.3 1 0
go-drop-logistik/drivers/databases/phoneagent/mysql.go:54.38,56.3 1 0
go-drop-logistik/drivers/databases/phoneagent/mysql.go:61.102,64.25 3 0
go-drop-logistik/drivers/databases/phoneagent/mysql.go:68.2,68.12 1 0
go-drop-logistik/drivers/databases/phoneagent/mysql.go:64.25,66.3 1 0
go-drop-logistik/drivers/databases/users/record.go:18.44,28.2 1 0
go-drop-logistik/drivers/databases/users/record.go:30.49,40.2 1 0
go-drop-logistik/business/trucks/usecase.go:15.100,21.2 1 0
go-drop-logistik/business/trucks/usecase.go:23.90,25.16 2 0
go-drop-logistik/business/trucks/usecase.go:29.2,29.12 1 0
go-drop-logistik/business/trucks/usecase.go:25.16,27.3 1 0
go-drop-logistik/business/trucks/usecase.go:32.84,35.16 2 0
go-drop-logistik/business/trucks/usecase.go:39.2,39.19 1 0
go-drop-logistik/business/trucks/usecase.go:35.16,37.3 1 0
go-drop-logistik/business/trucks/usecase.go:42.73,45.16 2 0
go-drop-logistik/business/trucks/usecase.go:49.2,49.12 1 0
go-drop-logistik/business/trucks/usecase.go:45.16,47.3 1 0
go-drop-logistik/business/trucks/usecase.go:52.94,54.16 2 0
go-drop-logistik/business/trucks/usecase.go:58.2,58.12 1 0
go-drop-logistik/business/trucks/usecase.go:54.16,56.3 1 0
go-drop-logistik/business/trucks/usecase.go:61.100,62.15 1 0
go-drop-logistik/business/trucks/usecase.go:65.2,65.18 1 0
go-drop-logistik/business/trucks/usecase.go:69.2,70.16 2 0
go-drop-logistik/business/trucks/usecase.go:74.2,74.24 1 0
go-drop-logistik/business/trucks/usecase.go:62.15,64.3 1 0
go-drop-logistik/business/trucks/usecase.go:65.18,67.3 1 0
go-drop-logistik/business/trucks/usecase.go:70.16,72.3 1 0
go-drop-logistik/controllers/drivers/request/input.go:12.48,19.2 1 0
go-drop-logistik/business/manifestreceipt/usecase.go:18.133,25.2 1 0
go-drop-logistik/business/manifestreceipt/usecase.go:27.100,29.16 2 0
go-drop-logistik/business/manifestreceipt/usecase.go:33.2,33.12 1 0
go-drop-logistik/business/manifestreceipt/usecase.go:29.16,31.3 1 0
go-drop-logistik/business/manifestreceipt/usecase.go:36.106,38.16 2 0
go-drop-logistik/business/manifestreceipt/usecase.go:42.2,42.17 1 0
go-drop-logistik/business/manifestreceipt/usecase.go:38.16,40.3 1 0
go-drop-logistik/business/manifestreceipt/usecase.go:45.101,47.16 2 0
go-drop-logistik/business/manifestreceipt/usecase.go:50.2,50.17 1 0
go-drop-logistik/business/manifestreceipt/usecase.go:47.16,49.3 1 0
go-drop-logistik/business/manifestreceipt/usecase.go:53.97,55.16 2 0
go-drop-logistik/business/manifestreceipt/usecase.go:58.2,58.17 1 0
go-drop-logistik/business/manifestreceipt/usecase.go:55.16,57.3 1 0
go-drop-logistik/business/manifestreceipt/usecase.go:61.98,63.16 2 0
go-drop-logistik/business/manifestreceipt/usecase.go:67.2,67.12 1 0
go-drop-logistik/business/manifestreceipt/usecase.go:63.16,65.3 1 0
go-drop-logistik/business/manifestreceipt/usecase.go:70.100,72.16 2 0
go-drop-logistik/business/manifestreceipt/usecase.go:76.2,76.12 1 0
go-drop-logistik/business/manifestreceipt/usecase.go:72.16,74.3 1 0
go-drop-logistik/business/manifestreceipt/usecase.go:79.106,81.16 2 0
go-drop-logistik/business/manifestreceipt/usecase.go:85.2,85.28 1 0
go-drop-logistik/business/manifestreceipt/usecase.go:91.2,91.12 1 0
go-drop-logistik/business/manifestreceipt/usecase.go:81.16,83.3 1 0
go-drop-logistik/business/manifestreceipt/usecase.go:85.28,87.17 2 0
go-drop-logistik/business/manifestreceipt/usecase.go:87.17,89.4 1 0
go-drop-logistik/controllers/tracks/response/response.go:15.50,22.2 1 0
go-drop-logistik/controllers/tracks/response/response.go:24.60,26.37 2 0
go-drop-logistik/controllers/tracks/response/response.go:36.2,36.18 1 0
go-drop-logistik/controllers/tracks/response/response.go:26.37,34.3 2 0
go-drop-logistik/controllers/phones/http.go:22.86,27.2 1 0
go-drop-logistik/controllers/phones/http.go:29.70,35.37 4 0
go-drop-logistik/controllers/phones/http.go:39.2,40.16 2 0
go-drop-logistik/controllers/phones/http.go:44.2,45.16 2 0
go-drop-logistik/controllers/phones/http.go:49.2,49.75 1 0
go-drop-logistik/controllers/phones/http.go:35.37,37.3 1 0
go-drop-logistik/controllers/phones/http.go:40.16,42.3 1 0
go-drop-logistik/controllers/phones/http.go:45.16,47.3 1 0
go-drop-logistik/controllers/phones/http.go:52.67,58.16 4 0
go-drop-logistik/controllers/phones/http.go:62.2,62.72 1 0
go-drop-logistik/controllers/phones/http.go:58.16,60.3 1 0
go-drop-logistik/controllers/phones/http.go:65.66,71.16 4 0
go-drop-logistik/controllers/phones/http.go:75.2,76.33 2 0
go-drop-logistik/controllers/phones/http.go:81.2,81.82 1 0
go-drop-logistik/controllers/phones/http.go:71.16,73.3 1 0
go-drop-logistik/controllers/phones/http.go:76.33,79.3 2 0
go-drop-logistik/controllers/phones/http.go:84.71,91.16 5 0
go-drop-logistik/controllers/phones/http.go:95.2,96.16 2 0
go-drop-logistik/controllers/phones/http.go:100.2,100.67 1 0
go-drop-logistik/controllers/phones/http.go:91.16,93.3 1 0
go-drop-logistik/controllers/phones/http.go:96.16,98.3 1 0
go-drop-logistik/controllers/phones/http.go:103.71,108.37 4 0
go-drop-logistik/controllers/phones/http.go:111.2,112.16 2 0
go-drop-logistik/controllers/phones/http.go:116.2,116.67 1 0
go-drop-logistik/controllers/phones/http.go:108.37,110.3 1 0
go-drop-logistik/controllers/phones/http.go:112.16,114.3 1 0
go-drop-logistik/controllers/agents/response/response.go:26.58,27.23 1 0
go-drop-logistik/controllers/agents/response/response.go:39.2,39.12 1 0
go-drop-logistik/controllers/agents/response/response.go:27.23,38.3 1 0
go-drop-logistik/controllers/agents/response/response.go:42.75,43.23 1 0
go-drop-logistik/controllers/agents/response/response.go:52.2,52.12 1 0
go-drop-logistik/controllers/agents/response/response.go:43.23,51.3 1 0
go-drop-logistik/controllers/trucks/request/input.go:11.46,17.2 1 0
go-drop-logistik/drivers/databases/trucks/mysql.go:14.63,18.2 1 0
go-drop-logistik/drivers/databases/trucks/mysql.go:20.107,24.25 3 0
go-drop-logistik/drivers/databases/trucks/mysql.go:28.2,28.12 1 0
go-drop-logistik/drivers/databases/trucks/mysql.go:24.25,26.3 1 0
go-drop-logistik/drivers/databases/trucks/mysql.go:31.101,34.25 3 0
go-drop-logistik/drivers/databases/trucks/mysql.go:38.2,38.31 1 0
go-drop-logistik/drivers/databases/trucks/mysql.go:34.25,36.3 1 0
go-drop-logistik/drivers/databases/trucks/mysql.go:41.111,45.25 3 0
go-drop-logistik/drivers/databases/trucks/mysql.go:49.2,49.12 1 0
go-drop-logistik/drivers/databases/trucks/mysql.go:45.25,47.3 1 0
go-drop-logistik/drivers/databases/trucks/mysql.go:52.83,55.25 3 0
go-drop-logistik/drivers/databases/trucks/mysql.go:59.2,59.12 1 0
go-drop-logistik/drivers/databases/trucks/mysql.go:55.25,57.3 1 0
go-drop-logistik/drivers/databases/trucks/mysql.go:62.117,67.16 4 0
go-drop-logistik/drivers/databases/trucks/mysql.go:71.2,73.16 3 0
go-drop-logistik/drivers/databases/trucks/mysql.go:77.2,78.28 2 0
go-drop-logistik/drivers/databases/trucks/mysql.go:82.2,82.36 1 0
go-drop-logistik/drivers/databases/trucks/mysql.go:67.16,69.3 1 0
go-drop-logistik/drivers/databases/trucks/mysql.go:73.16,75.3 1 0
go-drop-logistik/drivers/databases/trucks/mysql.go:78.28,80.3 1 0
go-drop-logistik/helper/convertpointer/convertpointer.go:3.46,4.14 1 0
go-drop-logistik/helper/convertpointer/convertpointer.go:7.2,7.10 1 0
go-drop-logistik/helper/convertpointer/convertpointer.go:4.14,6.3 1 0
go-drop-logistik/helper/convertpointer/convertpointer.go:10.48,11.14 1 0
go-drop-logistik/helper/convertpointer/convertpointer.go:14.2,14.11 1 0
go-drop-logistik/helper/convertpointer/convertpointer.go:11.14,13.3 1 0
go-drop-logistik/app/middleware/role.go:11.58,12.52 1 0
go-drop-logistik/app/middleware/role.go:12.52,13.37 1 0
go-drop-logistik/app/middleware/role.go:13.37,16.31 2 0
go-drop-logistik/app/middleware/role.go:21.4,21.97 1 0
go-drop-logistik/app/middleware/role.go:16.31,17.28 1 0
go-drop-logistik/app/middleware/role.go:17.28,19.6 1 0
go-drop-logistik/helper/validation/validation.go:14.66,16.16 2 0
go-drop-logistik/helper/validation/validation.go:31.2,31.40 1 0
go-drop-logistik/helper/validation/validation.go:16.16,19.54 3 0
go-drop-logistik/helper/validation/validation.go:29.3,29.29 1 0
go-drop-logistik/helper/validation/validation.go:19.54,20.23 1 0
go-drop-logistik/helper/validation/validation.go:20.23,23.5 2 0
go-drop-logistik/helper/validation/validation.go:23.10,24.29 1 0
go-drop-logistik/helper/validation/validation.go:24.29,26.6 1 0
go-drop-logistik/helper/validation/validation.go:35.13,37.2 1 0
go-drop-logistik/helper/validation/validation.go:39.74,42.19 2 0
go-drop-logistik/helper/validation/validation.go:48.2,48.16 1 0
go-drop-logistik/helper/validation/validation.go:43.22,44.58 1 0
go-drop-logistik/helper/validation/validation.go:45.10,46.33 1 0
go-drop-logistik/drivers/databases/receipts/mysql.go:14.67,18.2 1 0
go-drop-logistik/drivers/databases/receipts/mysql.go:20.122,24.25 3 0
go-drop-logistik/drivers/databases/receipts/mysql.go:27.2,27.20 1 0
go-drop-logistik/drivers/databases/receipts/mysql.go:24.25,26.3 1 0
go-drop-logistik/drivers/databases/receipts/mysql.go:30.105,33.25 3 0
go-drop-logistik/drivers/databases/receipts/mysql.go:37.2,37.29 1 0
go-drop-logistik/drivers/databases/receipts/mysql.go:33.25,35.3 1 0
go-drop-logistik/drivers/databases/receipts/mysql.go:40.117,43.25 3 0
go-drop-logistik/drivers/databases/receipts/mysql.go:47.2,47.34 1 0
go-drop-logistik/drivers/databases/receipts/mysql.go:43.25,45.3 1 0
go-drop-logistik/drivers/databases/receipts/mysql.go:50.121,55.16 4 0
go-drop-logistik/drivers/databases/receipts/mysql.go:59.2,61.16 3 0
go-drop-logistik/drivers/databases/receipts/mysql.go:65.2,66.28 2 0
go-drop-logistik/drivers/databases/receipts/mysql.go:70.2,70.36 1 0
go-drop-logistik/drivers/databases/receipts/mysql.go:55.16,57.3 1 0
go-drop-logistik/drivers/databases/receipts/mysql.go:61.16,63.3 1 0
go-drop-logistik/drivers/databases/receipts/mysql.go:66.28,68.3 1 0
go-drop-logistik/drivers/databases/receipts/mysql.go:73.85,76.25 3 0
go-drop-logistik/drivers/databases/receipts/mysql.go:80.2,80.12 1 0
go-drop-logistik/drivers/databases/receipts/mysql.go:76.25,78.3 1 0
go-drop-logistik/drivers/databases/receipts/mysql.go:83.117,87.25 3 0
go-drop-logistik/drivers/databases/receipts/mysql.go:91.2,91.12 1 0
go-drop-logistik/drivers/databases/receipts/mysql.go:87.25,89.3 1 0
go-drop-logistik/drivers/databases/manifestreceipt/mysql.go:14.82,18.2 1 0
go-drop-logistik/drivers/databases/manifestreceipt/mysql.go:20.111,29.25 4 0
go-drop-logistik/drivers/databases/manifestreceipt/mysql.go:33.2,33.12 1 0
go-drop-logistik/drivers/databases/manifestreceipt/mysql.go:29.25,31.3 1 0
go-drop-logistik/drivers/databases/manifestreceipt/mysql.go:36.128,39.25 3 0
go-drop-logistik/drivers/databases/manifestreceipt/mysql.go:43.2,43.41 1 0
go-drop-logistik/drivers/databases/manifestreceipt/mysql.go:39.25,41.3 1 0
go-drop-logistik/drivers/databases/manifestreceipt/mysql.go:46.108,49.25 3 0
go-drop-logistik/drivers/databases/manifestreceipt/mysql.go:53.2,53.40 1 0
go-drop-logistik/drivers/databases/manifestreceipt/mysql.go:49.25,51.3 1 0
go-drop-logistik/drivers/databases/manifestreceipt/mysql.go:56.133,60.25 3 0
go-drop-logistik/drivers/databases/manifestreceipt/mysql.go:64.2,65.43 2 0
go-drop-logistik/drivers/databases/manifestreceipt/mysql.go:69.2,69.38 1 0
go-drop-logistik/drivers/databases/manifestreceipt/mysql.go:60.25,62.3 1 0
go-drop-logistik/drivers/databases/manifestreceipt/mysql.go:65.43,67.3 1 0
go-drop-logistik/drivers/databases/manifestreceipt/mysql.go:72.109,75.25 3 0
go-drop-logistik/drivers/databases/manifestreceipt/mysql.go:79.2,79.12 1 0
go-drop-logistik/drivers/databases/manifestreceipt/mysql.go:75.25,77.3 1 0
go-drop-logistik/drivers/databases/manifestreceipt/mysql.go:83.111,86.25 3 0
go-drop-logistik/drivers/databases/manifestreceipt/mysql.go:90.2,90.12 1 0
go-drop-logistik/drivers/databases/manifestreceipt/mysql.go:86.25,88.3 1 0
go-drop-logistik/business/phones/usecase.go:15.99,21.2 1 0
go-drop-logistik/business/phones/usecase.go:23.104,25.16 2 0
go-drop-logistik/business/phones/usecase.go:29.2,29.21 1 0
go-drop-logistik/business/phones/usecase.go:25.16,27.3 1 0
go-drop-logistik/business/phones/usecase.go:32.83,35.16 2 0
go-drop-logistik/business/phones/usecase.go:39.2,39.19 1 0
go-drop-logistik/business/phones/usecase.go:35.16,37.3 1 0
go-drop-logistik/business/phones/usecase.go:42.77,44.16 2 0
go-drop-logistik/business/phones/usecase.go:48.2,48.12 1 0
go-drop-logistik/business/phones/usecase.go:44.16,46.3 1 0
go-drop-logistik/business/phones/usecase.go:51.93,53.16 2 0
go-drop-logistik/business/phones/usecase.go:57.2,57.12 1 0
go-drop-logistik/business/phones/usecase.go:53.16,55.3 1 0
go-drop-logistik/controllers/manifest/http.go:24.123,30.2 1 0
go-drop-logistik/controllers/manifest/http.go:32.76,36.37 3 0
go-drop-logistik/controllers/manifest/http.go:40.2,41.16 2 0
go-drop-logistik/controllers/manifest/http.go:44.2,44.75 1 0
go-drop-logistik/controllers/manifest/http.go:36.37,38.3 1 0
go-drop-logistik/controllers/manifest/http.go:41.16,43.3 1 0
go-drop-logistik/controllers/manifest/http.go:47.69,53.16 4 0
go-drop-logistik/controllers/manifest/http.go:57.2,58.16 2 0
go-drop-logistik/controllers/manifest/http.go:62.2,62.32 1 0
go-drop-logistik/controllers/manifest/http.go:66.2,67.16 2 0
go-drop-logistik/controllers/manifest/http.go:71.2,71.31 1 0
go-drop-logistik/controllers/manifest/http.go:75.2,75.76 1 0
go-drop-logistik/controllers/manifest/http.go:53.16,55.3 1 0
go-drop-logistik/controllers/manifest/http.go:58.16,60.3 1 0
go-drop-logistik/controllers/manifest/http.go:62.32,64.3 1 0
go-drop-logistik/controllers/manifest/http.go:67.16,69.3 1 0
go-drop-logistik/controllers/manifest/http.go:71.31,73.3 1 0
go-drop-logistik/controllers/manifest/http.go:78.67,85.16 5 0
go-drop-logistik/controllers/manifest/http.go:89.2,89.86 1 0
go-drop-logistik/controllers/manifest/http.go:85.16,87.3 1 0
go-drop-logistik/controllers/manifest/http.go:92.68,98.16 4 0
go-drop-logistik/controllers/manifest/http.go:102.2,103.16 2 0
go-drop-logistik/controllers/manifest/http.go:107.2,108.16 2 0
go-drop-logistik/controllers/manifest/http.go:112.2,112.67 1 0
go-drop-logistik/controllers/manifest/http.go:98.16,100.3 1 0
go-drop-logistik/controllers/manifest/http.go:103.16,105.3 1 0
go-drop-logistik/controllers/manifest/http.go:108.16,110.3 1 0
go-drop-logistik/controllers/manifest/http.go:115.68,121.37 4 0
go-drop-logistik/controllers/manifest/http.go:125.2,126.16 2 0
go-drop-logistik/controllers/manifest/http.go:130.2,130.67 1 0
go-drop-logistik/controllers/manifest/http.go:121.37,123.3 1 0
go-drop-logistik/controllers/manifest/http.go:126.16,128.3 1 0
go-drop-logistik/controllers/manifest/http.go:133.74,139.16 4 0
go-drop-logistik/controllers/manifest/http.go:143.2,144.16 2 0
go-drop-logistik/controllers/manifest/http.go:148.2,148.67 1 0
go-drop-logistik/controllers/manifest/http.go:139.16,141.3 1 0
go-drop-logistik/controllers/manifest/http.go:144.16,146.3 1 0
go-drop-logistik/controllers/receipts/http.go:24.121,30.2 1 0
go-drop-logistik/controllers/receipts/http.go:32.74,36.37 3 0
go-drop-logistik/controllers/receipts/http.go:40.2,41.16 2 0
go-drop-logistik/controllers/receipts/http.go:45.2,46.16 2 0
go-drop-logistik/controllers/receipts/http.go:50.2,50.75 1 0
go-drop-logistik/controllers/receipts/http.go:36.37,38.3 1 0
go-drop-logistik/controllers/receipts/http.go:41.16,43.3 1 0
go-drop-logistik/controllers/receipts/http.go:46.16,48.3 1 0
go-drop-logistik/controllers/receipts/http.go:53.68,59.16 4 0
go-drop-logistik/controllers/receipts/http.go:63.2,63.74 1 0
go-drop-logistik/controllers/receipts/http.go:59.16,61.3 1 0
go-drop-logistik/controllers/receipts/http.go:66.70,70.37 3 0
go-drop-logistik/controllers/receipts/http.go:74.2,75.16 2 0
go-drop-logistik/controllers/receipts/http.go:79.2,80.16 2 0
go-drop-logistik/controllers/receipts/http.go:84.2,85.16 2 0
go-drop-logistik/controllers/receipts/http.go:89.2,92.12 3 0
go-drop-logistik/controllers/receipts/http.go:98.2,100.79 2 0
go-drop-logistik/controllers/receipts/http.go:70.37,72.3 1 0
go-drop-logistik/controllers/receipts/http.go:75.16,77.3 1 0
go-drop-logistik/controllers/receipts/http.go:80.16,82.3 1 0
go-drop-logistik/controllers/receipts/http.go:85.16,87.3 1 0
go-drop-logistik/controllers/receipts/http.go:92.12,93.32 1 0
go-drop-logistik/controllers/receipts/http.go:93.32,96.4 2 0
go-drop-logistik/controllers/receipts/http.go:103.66,110.16 5 0
go-drop-logistik/controllers/receipts/http.go:114.2,114.86 1 0
go-drop-logistik/controllers/receipts/http.go:110.16,112.3 1 0
go-drop-logistik/controllers/receipts/http.go:117.67,123.16 4 0
go-drop-logistik/controllers/receipts/http.go:127.2,128.16 2 0
go-drop-logistik/controllers/receipts/http.go:132.2,132.67 1 0
go-drop-logistik/controllers/receipts/http.go:123.16,125.3 1 0
go-drop-logistik/controllers/receipts/http.go:128.16,130.3 1 0
go-drop-logistik/controllers/receipts/http.go:135.67,141.37 4 0
go-drop-logistik/controllers/receipts/http.go:145.2,146.16 2 0
go-drop-logistik/controllers/receipts/http.go:150.2,150.67 1 0
go-drop-logistik/controllers/receipts/http.go:141.37,143.3 1 0
go-drop-logistik/controllers/receipts/http.go:146.16,148.3 1 0
go-drop-logistik/drivers/databases/admins/record.go:18.46,28.2 1 0
go-drop-logistik/drivers/databases/admins/record.go:30.52,40.2 1 0
go-drop-logistik/drivers/databases/agents/record.go:22.62,32.2 1 0
go-drop-logistik/drivers/databases/agents/record.go:34.52,35.16 1 0
go-drop-logistik/drivers/databases/agents/record.go:50.2,50.12 1 0
go-drop-logistik/drivers/databases/agents/record.go:35.16,49.3 1 0
go-drop-logistik/drivers/databases/agents/record.go:53.52,67.2 1 0
go-drop-logistik/drivers/databases/manifestreceipt/record.go:16.80,21.2 1 0
go-drop-logistik/drivers/databases/manifestreceipt/record.go:23.64,30.2 1 0
go-drop-logistik/helper/response/response.go:17.66,23.2 4 0
go-drop-logistik/helper/response/response.go:25.72,31.2 4 0
go-drop-logistik/helper/response/response.go:33.68,39.2 4 0
go-drop-logistik/helper/response/response.go:41.95,47.2 4 0
go-drop-logistik/controllers/agents/request/input.go:13.46,19.2 1 0
go-drop-logistik/controllers/trucks/response/response.go:19.59,20.24 1 0
go-drop-logistik/controllers/trucks/response/response.go:28.2,28.12 1 0
go-drop-logistik/controllers/trucks/response/response.go:20.24,27.3 1 0
go-drop-logistik/controllers/trucks/response/response.go:31.81,33.36 2 0
go-drop-logistik/controllers/trucks/response/response.go:42.2,45.16 4 0
go-drop-logistik/controllers/trucks/response/response.go:33.36,41.3 2 0
go-drop-logistik/controllers/phones/request/input.go:9.45,13.2 1 0
